0 info it worked if it ends with ok
1 verbose cli [ 'C:\\Program Files\\nodejs\\node.exe',
1 verbose cli   'C:\\Users\\pmelisko\\AppData\\Roaming\\npm\\node_modules\\npm\\bin\\npm-cli.js',
1 verbose cli   'start' ]
2 info using npm@3.8.6
3 info using node@v5.2.0
4 verbose run-script [ 'prestart', 'start', 'poststart' ]
5 info lifecycle simple-chat@0.0.1~prestart: simple-chat@0.0.1
6 silly lifecycle simple-chat@0.0.1~prestart: no script for prestart, continuing
7 info lifecycle simple-chat@0.0.1~start: simple-chat@0.0.1
8 verbose lifecycle simple-chat@0.0.1~start: unsafe-perm in lifecycle true
9 verbose lifecycle simple-chat@0.0.1~start: PATH: C:\Users\pmelisko\AppData\Roaming\npm\node_modules\npm\bin\node-gyp-bin;D:\DEV\sts-workspace\privat-repos\websocket-chat-app\node_modules\.bin;C:\Program Files\nodejs;C:\Users\pmelisko\bin;C:\Program Files\Git\mingw64\bin;C:\Program Files\Git\usr\local\bin;C:\Program Files\Git\usr\bin;C:\Program Files\Git\usr\bin;C:\Program Files\Git\mingw64\bin;C:\Program Files\Git\usr\bin;C:\Users\pmelisko\bin;C:\Program Files\Haskell\bin;C:\Program Files\Haskell Platform\7.10.3\lib\extralibs\bin;C:\Program Files\Haskell Platform\7.10.3\bin;C:\ProgramData\Oracle\Java\javapath;C:\Ruby193\bin;C:\Windows\system32;C:\Windows;C:\Windows\System32\Wbem;C:\Windows\System32\WindowsPowerShell\v1.0;C:\Program Files (x86)\Microsoft SQL Server\100\Tools\Binn;C:\Program Files\Microsoft SQL Server\100\Tools\Binn;C:\Program Files\Microsoft SQL Server\100\DTS\Binn;C:\Program Files (x86)\Microsoft Team Foundation Server 2010 Power Tools;C:\Program Files (x86)\Microsoft Team Foundation Server 2010 Power Tools\Best Practices Analyzer;C:\IBM\SQLLIB\BIN;C:\IBM\SQLLIB\FUNCTION;C:\PF\curl;C:\Program Files (x86)\erl5.10.1\bin;C:\Program Files (x86)\Gource\cmd;C:\Program Files (x86)\MiKTeX 2.9\miktex\bin;C:\Program Files (x86)\ffmpeg;C:\Oracle\11.2.0.3client_x32\BIN;C:\PF\chromedriver;C:\Users\pmelisko\AppData\Roaming\npm;C:\MinGW\bin;C:\Program Files (x86)\Two Pilots\PDF2Text Pilot;C:\Program Files\nodejs;C:\Program Files (x86)\Windows Kits\8.1\Windows Performance Toolkit;%USERPROFILE%\.dnx\bin;C:\Program Files\Microsoft DNX\Dnvm;C:\Program Files\Haskell Platform\7.10.3\mingw\bin;C:\Program Files\Git\cmd;C:\Program Files\Git\usr\bin\vendor_perl;C:\Program Files\Git\usr\bin\core_perl
10 verbose lifecycle simple-chat@0.0.1~start: CWD: D:\DEV\sts-workspace\privat-repos\websocket-chat-app
11 silly lifecycle simple-chat@0.0.1~start: Args: [ '/d /s /c', 'node index.js' ]
12 silly lifecycle simple-chat@0.0.1~start: Returned: code: 1  signal: null
13 info lifecycle simple-chat@0.0.1~start: Failed to exec start script
14 verbose stack Error: simple-chat@0.0.1 start: `node index.js`
14 verbose stack Exit status 1
14 verbose stack     at EventEmitter.<anonymous> (C:\Users\pmelisko\AppData\Roaming\npm\node_modules\npm\lib\utils\lifecycle.js:239:16)
14 verbose stack     at emitTwo (events.js:88:13)
14 verbose stack     at EventEmitter.emit (events.js:173:7)
14 verbose stack     at ChildProcess.<anonymous> (C:\Users\pmelisko\AppData\Roaming\npm\node_modules\npm\lib\utils\spawn.js:24:14)
14 verbose stack     at emitTwo (events.js:88:13)
14 verbose stack     at ChildProcess.emit (events.js:173:7)
14 verbose stack     at maybeClose (internal/child_process.js:819:16)
14 verbose stack     at Process.ChildProcess._handle.onexit (internal/child_process.js:212:5)
15 verbose pkgid simple-chat@0.0.1
16 verbose cwd D:\DEV\sts-workspace\privat-repos\websocket-chat-app
17 error Windows_NT 6.1.7601
18 error argv "C:\\Program Files\\nodejs\\node.exe" "C:\\Users\\pmelisko\\AppData\\Roaming\\npm\\node_modules\\npm\\bin\\npm-cli.js" "start"
19 error node v5.2.0
20 error npm  v3.8.6
21 error code ELIFECYCLE
22 error simple-chat@0.0.1 start: `node index.js`
22 error Exit status 1
23 error Failed at the simple-chat@0.0.1 start script 'node index.js'.
23 error Make sure you have the latest version of node.js and npm installed.
23 error If you do, this is most likely a problem with the simple-chat package,
23 error not with npm itself.
23 error Tell the author that this fails on your system:
23 error     node index.js
23 error You can get information on how to open an issue for this project with:
23 error     npm bugs simple-chat
23 error Or if that isn't available, you can get their info via:
23 error     npm owner ls simple-chat
23 error There is likely additional logging output above.
24 verbose exit [ 1, true ]
